2015-04-12 14:41:58 Error: [MissingActionException] Action PostsController::index() could not be found.
Exception Attributes: array (
  'controller' => 'PostsController',
  'action' => 'index',
)
Request URL: /cakephp-2.6.3/posts
Stack Trace:
#0 /Applications/MAMP/htdocs/cakephp-2.6.3/lib/Cake/Routing/Dispatcher.php(193): Controller->invokeAction(Object(CakeRequest))
#1 /Applications/MAMP/htdocs/cakephp-2.6.3/lib/Cake/Routing/Dispatcher.php(167): Dispatcher->_invoke(Object(PostsController), Object(CakeRequest))
#2 /Applications/MAMP/htdocs/cakephp-2.6.3/app/webroot/index.php(118): Dispatcher->dispatch(Object(CakeRequest), Object(CakeResponse))
#3 {main}
2015-04-12 14:42:07 Error: [MissingActionException] Action PostsController::index() could not be found.
Exception Attributes: array (
  'controller' => 'PostsController',
  'action' => 'index',
)
Request URL: /cakephp-2.6.3/posts/
Stack Trace:
#0 /Applications/MAMP/htdocs/cakephp-2.6.3/lib/Cake/Routing/Dispatcher.php(193): Controller->invokeAction(Object(CakeRequest))
#1 /Applications/MAMP/htdocs/cakephp-2.6.3/lib/Cake/Routing/Dispatcher.php(167): Dispatcher->_invoke(Object(PostsController), Object(CakeRequest))
#2 /Applications/MAMP/htdocs/cakephp-2.6.3/app/webroot/index.php(118): Dispatcher->dispatch(Object(CakeRequest), Object(CakeResponse))
#3 {main}
2015-04-12 14:42:32 Error: Fatal Error (1): Class 'AppMode' not found in [/Applications/MAMP/htdocs/cakephp-2.6.3/app/Model/Post.php, line 3]
2015-04-12 14:42:32 Error: [FatalErrorException] Class 'AppMode' not found
Request URL: /cakephp-2.6.3/posts/
Stack Trace:
#0 /Applications/MAMP/htdocs/cakephp-2.6.3/lib/Cake/Error/ErrorHandler.php(213): ErrorHandler::handleFatalError(1, 'Class 'AppMode'...', '/Applications/M...', 3)
#1 [internal function]: ErrorHandler::handleError(1, 'Class 'AppMode'...', '/Applications/M...', 3, Array)
#2 /Applications/MAMP/htdocs/cakephp-2.6.3/lib/Cake/Core/App.php(931): call_user_func('ErrorHandler::h...', 1, 'Class 'AppMode'...', '/Applications/M...', 3, Array)
#3 /Applications/MAMP/htdocs/cakephp-2.6.3/lib/Cake/Core/App.php(904): App::_checkFatalError()
#4 [internal function]: App::shutdown()
#5 {main}
2015-04-12 14:52:57 Error: [MissingHelperException] Helper class FromHelper could not be found.
Exception Attributes: array (
  'class' => 'FromHelper',
  'plugin' => false,
)
Request URL: /cakephp-2.6.3/posts/
Stack Trace:
#0 /Applications/MAMP/htdocs/cakephp-2.6.3/lib/Cake/View/View.php(897): HelperCollection->load('From', Array)
#1 /Applications/MAMP/htdocs/cakephp-2.6.3/lib/Cake/View/View.php(354): View->loadHelpers()
#2 /Applications/MAMP/htdocs/cakephp-2.6.3/lib/Cake/Controller/Controller.php(1247): View->__construct(Object(PostsController))
#3 /Applications/MAMP/htdocs/cakephp-2.6.3/lib/Cake/Controller/Controller.php(946): Controller->_getViewObject()
#4 /Applications/MAMP/htdocs/cakephp-2.6.3/lib/Cake/Routing/Dispatcher.php(200): Controller->render()
#5 /Applications/MAMP/htdocs/cakephp-2.6.3/lib/Cake/Routing/Dispatcher.php(167): Dispatcher->_invoke(Object(PostsController), Object(CakeRequest))
#6 /Applications/MAMP/htdocs/cakephp-2.6.3/app/webroot/index.php(118): Dispatcher->dispatch(Object(CakeRequest), Object(CakeResponse))
#7 {main}
2015-04-12 15:01:35 Error: [MissingActionException] Action PagesController::index() could not be found.
Exception Attributes: array (
  'controller' => 'PagesController',
  'action' => 'index',
)
Request URL: /cakephp-2.6.3/
Stack Trace:
#0 /Applications/MAMP/htdocs/cakephp-2.6.3/lib/Cake/Routing/Dispatcher.php(193): Controller->invokeAction(Object(CakeRequest))
#1 /Applications/MAMP/htdocs/cakephp-2.6.3/lib/Cake/Routing/Dispatcher.php(167): Dispatcher->_invoke(Object(PagesController), Object(CakeRequest))
#2 /Applications/MAMP/htdocs/cakephp-2.6.3/app/webroot/index.php(118): Dispatcher->dispatch(Object(CakeRequest), Object(CakeResponse))
#3 {main}
2015-04-12 15:01:42 Error: [MissingControllerException] Controller class DiaryController could not be found.
Exception Attributes: array (
  'class' => 'DiaryController',
  'plugin' => NULL,
)
Request URL: /cakephp-2.6.3/diary/
Stack Trace:
#0 /Applications/MAMP/htdocs/cakephp-2.6.3/app/webroot/index.php(118): Dispatcher->dispatch(Object(CakeRequest), Object(CakeResponse))
#1 {main}
2015-04-12 15:02:06 Error: [MissingActionException] Action AppController::index() could not be found.
Exception Attributes: array (
  'controller' => 'AppController',
  'action' => 'index',
)
Request URL: /cakephp-2.6.3/app/
Stack Trace:
#0 /Applications/MAMP/htdocs/cakephp-2.6.3/lib/Cake/Routing/Dispatcher.php(193): Controller->invokeAction(Object(CakeRequest))
#1 /Applications/MAMP/htdocs/cakephp-2.6.3/lib/Cake/Routing/Dispatcher.php(167): Dispatcher->_invoke(Object(AppController), Object(CakeRequest))
#2 /Applications/MAMP/htdocs/cakephp-2.6.3/app/webroot/index.php(118): Dispatcher->dispatch(Object(CakeRequest), Object(CakeResponse))
#3 {main}
2015-04-12 15:02:27 Error: [MissingActionException] Action PagesController::index() could not be found.
Exception Attributes: array (
  'controller' => 'PagesController',
  'action' => 'index',
)
Request URL: /cakephp-2.6.3/
Stack Trace:
#0 /Applications/MAMP/htdocs/cakephp-2.6.3/lib/Cake/Routing/Dispatcher.php(193): Controller->invokeAction(Object(CakeRequest))
#1 /Applications/MAMP/htdocs/cakephp-2.6.3/lib/Cake/Routing/Dispatcher.php(167): Dispatcher->_invoke(Object(PagesController), Object(CakeRequest))
#2 /Applications/MAMP/htdocs/cakephp-2.6.3/app/webroot/index.php(118): Dispatcher->dispatch(Object(CakeRequest), Object(CakeResponse))
#3 {main}
2015-04-12 15:02:30 Error: [MissingActionException] Action PagesController::index() could not be found.
Exception Attributes: array (
  'controller' => 'PagesController',
  'action' => 'index',
)
Request URL: /cakephp-2.6.3/
Stack Trace:
#0 /Applications/MAMP/htdocs/cakephp-2.6.3/lib/Cake/Routing/Dispatcher.php(193): Controller->invokeAction(Object(CakeRequest))
#1 /Applications/MAMP/htdocs/cakephp-2.6.3/lib/Cake/Routing/Dispatcher.php(167): Dispatcher->_invoke(Object(PagesController), Object(CakeRequest))
#2 /Applications/MAMP/htdocs/cakephp-2.6.3/app/webroot/index.php(118): Dispatcher->dispatch(Object(CakeRequest), Object(CakeResponse))
#3 {main}
2015-04-12 15:03:39 Error: [MissingActionException] Action PagesController::index() could not be found.
Exception Attributes: array (
  'controller' => 'PagesController',
  'action' => 'index',
)
Request URL: /cakephp-2.6.3/
Stack Trace:
#0 /Applications/MAMP/htdocs/cakephp-2.6.3/lib/Cake/Routing/Dispatcher.php(193): Controller->invokeAction(Object(CakeRequest))
#1 /Applications/MAMP/htdocs/cakephp-2.6.3/lib/Cake/Routing/Dispatcher.php(167): Dispatcher->_invoke(Object(PagesController), Object(CakeRequest))
#2 /Applications/MAMP/htdocs/cakephp-2.6.3/app/webroot/index.php(118): Dispatcher->dispatch(Object(CakeRequest), Object(CakeResponse))
#3 {main}
2015-04-12 15:03:42 Error: [MissingActionException] Action PagesController::index() could not be found.
Exception Attributes: array (
  'controller' => 'PagesController',
  'action' => 'index',
)
Request URL: /cakephp-2.6.3/
Stack Trace:
#0 /Applications/MAMP/htdocs/cakephp-2.6.3/lib/Cake/Routing/Dispatcher.php(193): Controller->invokeAction(Object(CakeRequest))
#1 /Applications/MAMP/htdocs/cakephp-2.6.3/lib/Cake/Routing/Dispatcher.php(167): Dispatcher->_invoke(Object(PagesController), Object(CakeRequest))
#2 /Applications/MAMP/htdocs/cakephp-2.6.3/app/webroot/index.php(118): Dispatcher->dispatch(Object(CakeRequest), Object(CakeResponse))
#3 {main}
2015-04-12 15:04:46 Error: [MissingViewException] View file "Pages/index.ctp" is missing.
Exception Attributes: array (
  'file' => 'Pages/index.ctp',
)
Request URL: /cakephp-2.6.3/
Stack Trace:
#0 /Applications/MAMP/htdocs/cakephp-2.6.3/lib/Cake/View/View.php(470): View->_getViewFileName(NULL)
#1 /Applications/MAMP/htdocs/cakephp-2.6.3/lib/Cake/Controller/Controller.php(960): View->render(NULL, NULL)
#2 /Applications/MAMP/htdocs/cakephp-2.6.3/lib/Cake/Routing/Dispatcher.php(200): Controller->render()
#3 /Applications/MAMP/htdocs/cakephp-2.6.3/lib/Cake/Routing/Dispatcher.php(167): Dispatcher->_invoke(Object(PagesController), Object(CakeRequest))
#4 /Applications/MAMP/htdocs/cakephp-2.6.3/app/webroot/index.php(118): Dispatcher->dispatch(Object(CakeRequest), Object(CakeResponse))
#5 {main}
2015-04-12 15:54:43 Error: Fatal Error (4): syntax error, unexpected 's' (T_STRING) in [/Applications/MAMP/htdocs/cakephp-2.6.3/app/Controller/PostsController.php, line 21]
2015-04-12 15:54:43 Error: [FatalErrorException] syntax error, unexpected 's' (T_STRING)
Request URL: /cakephp-2.6.3/posts/view/2
Stack Trace:
#0 /Applications/MAMP/htdocs/cakephp-2.6.3/lib/Cake/Error/ErrorHandler.php(213): ErrorHandler::handleFatalError(4, 'syntax error, u...', '/Applications/M...', 21)
#1 [internal function]: ErrorHandler::handleError(4, 'syntax error, u...', '/Applications/M...', 21, Array)
#2 /Applications/MAMP/htdocs/cakephp-2.6.3/lib/Cake/Core/App.php(931): call_user_func('ErrorHandler::h...', 4, 'syntax error, u...', '/Applications/M...', 21, Array)
#3 /Applications/MAMP/htdocs/cakephp-2.6.3/lib/Cake/Core/App.php(904): App::_checkFatalError()
#4 [internal function]: App::shutdown()
#5 {main}
2015-04-12 16:15:05 Error: Fatal Error (4): syntax error, unexpected ';' in [/Applications/MAMP/htdocs/cakephp-2.6.3/app/View/Posts/add.ctp, line 6]
2015-04-12 16:15:05 Error: [FatalErrorException] syntax error, unexpected ';'
Request URL: /cakephp-2.6.3/posts/add
Stack Trace:
#0 /Applications/MAMP/htdocs/cakephp-2.6.3/lib/Cake/Error/ErrorHandler.php(213): ErrorHandler::handleFatalError(4, 'syntax error, u...', '/Applications/M...', 6)
#1 [internal function]: ErrorHandler::handleError(4, 'syntax error, u...', '/Applications/M...', 6, Array)
#2 /Applications/MAMP/htdocs/cakephp-2.6.3/lib/Cake/Core/App.php(931): call_user_func('ErrorHandler::h...', 4, 'syntax error, u...', '/Applications/M...', 6, Array)
#3 /Applications/MAMP/htdocs/cakephp-2.6.3/lib/Cake/Core/App.php(904): App::_checkFatalError()
#4 [internal function]: App::shutdown()
#5 {main}
2015-04-12 17:07:05 Error: [CakeException] Method id does not exist
Request URL: /cakephp-2.6.3/posts/edit/1
Stack Trace:
#0 /Applications/MAMP/htdocs/cakephp-2.6.3/app/Controller/PostsController.php(31): CakeRequest->__call('id', Array)
#1 /Applications/MAMP/htdocs/cakephp-2.6.3/app/Controller/PostsController.php(31): CakeRequest->id('get')
#2 [internal function]: PostsController->edit('1')
#3 /Applications/MAMP/htdocs/cakephp-2.6.3/lib/Cake/Controller/Controller.php(490): ReflectionMethod->invokeArgs(Object(PostsController), Array)
#4 /Applications/MAMP/htdocs/cakephp-2.6.3/lib/Cake/Routing/Dispatcher.php(193): Controller->invokeAction(Object(CakeRequest))
#5 /Applications/MAMP/htdocs/cakephp-2.6.3/lib/Cake/Routing/Dispatcher.php(167): Dispatcher->_invoke(Object(PostsController), Object(CakeRequest))
#6 /Applications/MAMP/htdocs/cakephp-2.6.3/app/webroot/index.php(118): Dispatcher->dispatch(Object(CakeRequest), Object(CakeResponse))
#7 {main}
2015-04-12 17:07:10 Error: [CakeException] Method id does not exist
Request URL: /cakephp-2.6.3/posts/edit/2
Stack Trace:
#0 /Applications/MAMP/htdocs/cakephp-2.6.3/app/Controller/PostsController.php(31): CakeRequest->__call('id', Array)
#1 /Applications/MAMP/htdocs/cakephp-2.6.3/app/Controller/PostsController.php(31): CakeRequest->id('get')
#2 [internal function]: PostsController->edit('2')
#3 /Applications/MAMP/htdocs/cakephp-2.6.3/lib/Cake/Controller/Controller.php(490): ReflectionMethod->invokeArgs(Object(PostsController), Array)
#4 /Applications/MAMP/htdocs/cakephp-2.6.3/lib/Cake/Routing/Dispatcher.php(193): Controller->invokeAction(Object(CakeRequest))
#5 /Applications/MAMP/htdocs/cakephp-2.6.3/lib/Cake/Routing/Dispatcher.php(167): Dispatcher->_invoke(Object(PostsController), Object(CakeRequest))
#6 /Applications/MAMP/htdocs/cakephp-2.6.3/app/webroot/index.php(118): Dispatcher->dispatch(Object(CakeRequest), Object(CakeResponse))
#7 {main}
2015-04-12 17:54:02 Error: Fatal Error (1): Class 'AppController' not found in [/Applications/MAMP/htdocs/cakephp-2.6.3/app/Controller/AppController.php, line 23]
2015-04-12 17:54:02 Error: [FatalErrorException] Class 'AppController' not found
Request URL: /cakephp-2.6.3/posts
Stack Trace:
#0 /Applications/MAMP/htdocs/cakephp-2.6.3/lib/Cake/Error/ErrorHandler.php(213): ErrorHandler::handleFatalError(1, 'Class 'AppContr...', '/Applications/M...', 23)
#1 [internal function]: ErrorHandler::handleError(1, 'Class 'AppContr...', '/Applications/M...', 23, Array)
#2 /Applications/MAMP/htdocs/cakephp-2.6.3/lib/Cake/Core/App.php(931): call_user_func('ErrorHandler::h...', 1, 'Class 'AppContr...', '/Applications/M...', 23, Array)
#3 /Applications/MAMP/htdocs/cakephp-2.6.3/lib/Cake/Core/App.php(904): App::_checkFatalError()
#4 [internal function]: App::shutdown()
#5 {main}
2015-04-12 17:54:24 Error: Fatal Error (64): Cannot redeclare class PostsController in [/Applications/MAMP/htdocs/cakephp-2.6.3/app/Controller/PostsController.php, line 3]
2015-04-12 17:54:24 Error: [FatalErrorException] Cannot redeclare class PostsController
Request URL: /cakephp-2.6.3/posts
Stack Trace:
#0 /Applications/MAMP/htdocs/cakephp-2.6.3/lib/Cake/Error/ErrorHandler.php(213): ErrorHandler::handleFatalError(64, 'Cannot redeclar...', '/Applications/M...', 3)
#1 [internal function]: ErrorHandler::handleError(64, 'Cannot redeclar...', '/Applications/M...', 3, Array)
#2 /Applications/MAMP/htdocs/cakephp-2.6.3/lib/Cake/Core/App.php(931): call_user_func('ErrorHandler::h...', 64, 'Cannot redeclar...', '/Applications/M...', 3, Array)
#3 /Applications/MAMP/htdocs/cakephp-2.6.3/lib/Cake/Core/App.php(904): App::_checkFatalError()
#4 [internal function]: App::shutdown()
#5 {main}
2015-04-12 18:42:31 Error: Fatal Error (4): syntax error, unexpected 'echo' (T_ECHO), expecting ',' or ';' in [/Applications/MAMP/htdocs/cakephp-2.6.3/app/View/Posts/index.ctp, line 12]
2015-04-12 18:42:31 Error: [FatalErrorException] syntax error, unexpected 'echo' (T_ECHO), expecting ',' or ';'
Request URL: /cakephp-2.6.3/posts
Stack Trace:
#0 /Applications/MAMP/htdocs/cakephp-2.6.3/lib/Cake/Error/ErrorHandler.php(213): ErrorHandler::handleFatalError(4, 'syntax error, u...', '/Applications/M...', 12)
#1 [internal function]: ErrorHandler::handleError(4, 'syntax error, u...', '/Applications/M...', 12, Array)
#2 /Applications/MAMP/htdocs/cakephp-2.6.3/lib/Cake/Core/App.php(931): call_user_func('ErrorHandler::h...', 4, 'syntax error, u...', '/Applications/M...', 12, Array)
#3 /Applications/MAMP/htdocs/cakephp-2.6.3/lib/Cake/Core/App.php(904): App::_checkFatalError()
#4 [internal function]: App::shutdown()
#5 {main}
2015-04-12 18:42:49 Error: Fatal Error (4): syntax error, unexpected 'echo' (T_ECHO), expecting ',' or ';' in [/Applications/MAMP/htdocs/cakephp-2.6.3/app/View/Posts/index.ctp, line 12]
2015-04-12 18:42:49 Error: [FatalErrorException] syntax error, unexpected 'echo' (T_ECHO), expecting ',' or ';'
Request URL: /cakephp-2.6.3/posts
Stack Trace:
#0 /Applications/MAMP/htdocs/cakephp-2.6.3/lib/Cake/Error/ErrorHandler.php(213): ErrorHandler::handleFatalError(4, 'syntax error, u...', '/Applications/M...', 12)
#1 [internal function]: ErrorHandler::handleError(4, 'syntax error, u...', '/Applications/M...', 12, Array)
#2 /Applications/MAMP/htdocs/cakephp-2.6.3/lib/Cake/Core/App.php(931): call_user_func('ErrorHandler::h...', 4, 'syntax error, u...', '/Applications/M...', 12, Array)
#3 /Applications/MAMP/htdocs/cakephp-2.6.3/lib/Cake/Core/App.php(904): App::_checkFatalError()
#4 [internal function]: App::shutdown()
#5 {main}
